<?xml version="1.0" encoding="UTF-8"?>
<!-- Generated by org.testng.reporters.JUnitXMLReporter -->
<testsuite hostname="Yunuss-MacBook-Pro.local" ignored="2" name="Default test" tests="1" failures="0" timestamp="2019-12-17T11:34:30 PST" time="10.247" errors="0">
  <testcase name="LocalTimeVerify" time="4.476" classname="Tests.TimeMachineTest"/>
  <testcase name="timeMachine" time="0.0" classname="Tests.TimeMachineTest">
    <ignored/>
  </testcase> <!-- timeMachine -->
  <testcase name="timeLineMain" time="0.0" classname="Tests.TimeMachineTest">
    <ignored/>
  </testcase> <!-- timeLineMain -->
</testsuite> <!-- Default test -->
