<?xml version="1.0" encoding="UTF-8"?>
<testng-results skipped="0" failed="0" ignored="2" total="3" passed="1">
  <reporter-output>
  </reporter-output>
  <suite name="Default suite" duration-ms="10247" started-at="2019-12-17T11:34:19 PST" finished-at="2019-12-17T11:34:30 PST">
    <groups>
    </groups>
    <test name="Default test" duration-ms="10247" started-at="2019-12-17T11:34:19 PST" finished-at="2019-12-17T11:34:30 PST">
      <class name="Tests.TimeMachineTest">
        <test-method status="PASS" signature="setUp()[pri:0, instance:Tests.TimeMachineTest@30b8a058]" name="setUp" is-config="true" duration-ms="5638" started-at="2019-12-17T11:34:19 PST" finished-at="2019-12-17T11:34:25 PST">
          <reporter-output>
          </reporter-output>
        </test-method> <!-- setUp -->
        <test-method status="PASS" signature="LocalTimeVerify()[pri:3, instance:Tests.TimeMachineTest@30b8a058]" name="LocalTimeVerify" duration-ms="4476" started-at="2019-12-17T11:34:25 PST" finished-at="2019-12-17T11:34:30 PST">
          <reporter-output>
          </reporter-output>
        </test-method> <!-- LocalTimeVerify -->
        <test-method status="PASS" signature="tearDown()[pri:0, instance:Tests.TimeMachineTest@30b8a058]" name="tearDown" is-config="true" duration-ms="105" started-at="2019-12-17T11:34:30 PST" finished-at="2019-12-17T11:34:30 PST">
          <reporter-output>
          </reporter-output>
        </test-method> <!-- tearDown -->
      </class> <!-- Tests.TimeMachineTest -->
    </test> <!-- Default test -->
  </suite> <!-- Default suite -->
</testng-results>
